{"/home/joao/Documentos/Projetos/GoStack/MeetApp/api/src/app/controllers/FileController.ts": {"path":"/home/joao/Documentos/Projetos/GoStack/MeetApp/api/src/app/controllers/FileController.ts","statementMap":{"0":{"start":{"line":2,"column":0},"end":{"line":2,"column":34}},"1":{"start":{"line":6,"column":4},"end":{"line":8,"column":null}},"2":{"start":{"line":7,"column":6},"end":{"line":7,"column":69}},"3":{"start":{"line":9,"column":51},"end":{"line":9,"column":59}},"4":{"start":{"line":12,"column":8},"end":{"line":15,"column":6}},"5":{"start":{"line":17,"column":4},"end":{"line":19,"column":7}},"6":{"start":{"line":23,"column":0},"end":{"line":23,"column":36}}},"fnMap":{"0":{"name":"(anonymous_7)","decl":{"start":{"line":5,"column":8},"end":{"line":5,"column":13}},"loc":{"start":{"line":5,"column":39},"end":{"line":20,"column":null}}}},"branchMap":{"0":{"loc":{"start":{"line":6,"column":4},"end":{"line":8,"column":null}},"type":"if","locations":[{"start":{"line":6,"column":4},"end":{"line":8,"column":null}},{"start":{"line":6,"column":4},"end":{"line":8,"column":null}}]}},"s":{"0":8,"1":2,"2":1,"3":1,"4":1,"5":1,"6":8},"f":{"0":2},"b":{"0":[1,1]}}
,"/home/joao/Documentos/Projetos/GoStack/MeetApp/api/src/app/controllers/MeetupController.ts": {"path":"/home/joao/Documentos/Projetos/GoStack/MeetApp/api/src/app/controllers/MeetupController.ts","statementMap":{"0":{"start":{"line":2,"column":0},"end":{"line":2,"column":31}},"1":{"start":{"line":3,"column":0},"end":{"line":3,"column":56}},"2":{"start":{"line":4,"column":0},"end":{"line":4,"column":38}},"3":{"start":{"line":22,"column":32},"end":{"line":22,"column":40}},"4":{"start":{"line":23,"column":22},"end":{"line":30,"column":6}},"5":{"start":{"line":31,"column":4},"end":{"line":33,"column":null}},"6":{"start":{"line":32,"column":6},"end":{"line":32,"column":102}},"7":{"start":{"line":34,"column":4},"end":{"line":36,"column":null}},"8":{"start":{"line":35,"column":6},"end":{"line":35,"column":79}},"9":{"start":{"line":39,"column":8},"end":{"line":39,"column":65}},"10":{"start":{"line":40,"column":4},"end":{"line":42,"column":7}},"11":{"start":{"line":46,"column":20},"end":{"line":50,"column":6}},"12":{"start":{"line":51,"column":4},"end":{"line":51,"column":29}},"13":{"start":{"line":55,"column":25},"end":{"line":55,"column":35}},"14":{"start":{"line":56,"column":19},"end":{"line":56,"column":50}},"15":{"start":{"line":58,"column":4},"end":{"line":60,"column":null}},"16":{"start":{"line":59,"column":6},"end":{"line":59,"column":65}},"17":{"start":{"line":61,"column":4},"end":{"line":63,"column":null}},"18":{"start":{"line":62,"column":6},"end":{"line":62,"column":74}},"19":{"start":{"line":65,"column":4},"end":{"line":65,"column":54}},"20":{"start":{"line":66,"column":4},"end":{"line":66,"column":22}},"21":{"start":{"line":70,"column":25},"end":{"line":70,"column":35}},"22":{"start":{"line":72,"column":19},"end":{"line":72,"column":50}},"23":{"start":{"line":74,"column":4},"end":{"line":76,"column":null}},"24":{"start":{"line":75,"column":6},"end":{"line":75,"column":65}},"25":{"start":{"line":78,"column":4},"end":{"line":80,"column":null}},"26":{"start":{"line":79,"column":6},"end":{"line":79,"column":74}},"27":{"start":{"line":83,"column":4},"end":{"line":85,"column":null}},"28":{"start":{"line":84,"column":6},"end":{"line":84,"column":99}},"29":{"start":{"line":87,"column":4},"end":{"line":89,"column":7}},"30":{"start":{"line":91,"column":24},"end":{"line":93,"column":6}},"31":{"start":{"line":94,"column":4},"end":{"line":94,"column":33}},"32":{"start":{"line":98,"column":0},"end":{"line":98,"column":38}}},"fnMap":{"0":{"name":"(anonymous_7)","decl":{"start":{"line":21,"column":8},"end":{"line":21,"column":13}},"loc":{"start":{"line":21,"column":41},"end":{"line":43,"column":null}}},"1":{"name":"(anonymous_9)","decl":{"start":{"line":45,"column":8},"end":{"line":45,"column":13}},"loc":{"start":{"line":45,"column":41},"end":{"line":52,"column":null}}},"2":{"name":"(anonymous_11)","decl":{"start":{"line":54,"column":8},"end":{"line":54,"column":14}},"loc":{"start":{"line":54,"column":42},"end":{"line":67,"column":null}}},"3":{"name":"(anonymous_13)","decl":{"start":{"line":69,"column":8},"end":{"line":69,"column":14}},"loc":{"start":{"line":69,"column":42},"end":{"line":95,"column":null}}}},"branchMap":{"0":{"loc":{"start":{"line":31,"column":4},"end":{"line":33,"column":null}},"type":"if","locations":[{"start":{"line":31,"column":4},"end":{"line":33,"column":null}},{"start":{"line":31,"column":4},"end":{"line":33,"column":null}}]},"1":{"loc":{"start":{"line":34,"column":4},"end":{"line":36,"column":null}},"type":"if","locations":[{"start":{"line":34,"column":4},"end":{"line":36,"column":null}},{"start":{"line":34,"column":4},"end":{"line":36,"column":null}}]},"2":{"loc":{"start":{"line":58,"column":4},"end":{"line":60,"column":null}},"type":"if","locations":[{"start":{"line":58,"column":4},"end":{"line":60,"column":null}},{"start":{"line":58,"column":4},"end":{"line":60,"column":null}}]},"3":{"loc":{"start":{"line":61,"column":4},"end":{"line":63,"column":null}},"type":"if","locations":[{"start":{"line":61,"column":4},"end":{"line":63,"column":null}},{"start":{"line":61,"column":4},"end":{"line":63,"column":null}}]},"4":{"loc":{"start":{"line":74,"column":4},"end":{"line":76,"column":null}},"type":"if","locations":[{"start":{"line":74,"column":4},"end":{"line":76,"column":null}},{"start":{"line":74,"column":4},"end":{"line":76,"column":null}}]},"5":{"loc":{"start":{"line":78,"column":4},"end":{"line":80,"column":null}},"type":"if","locations":[{"start":{"line":78,"column":4},"end":{"line":80,"column":null}},{"start":{"line":78,"column":4},"end":{"line":80,"column":null}}]},"6":{"loc":{"start":{"line":83,"column":4},"end":{"line":85,"column":null}},"type":"if","locations":[{"start":{"line":83,"column":4},"end":{"line":85,"column":null}},{"start":{"line":83,"column":4},"end":{"line":85,"column":null}}]}},"s":{"0":8,"1":8,"2":8,"3":3,"4":3,"5":3,"6":1,"7":2,"8":1,"9":1,"10":1,"11":1,"12":1,"13":3,"14":3,"15":3,"16":1,"17":2,"18":1,"19":1,"20":1,"21":4,"22":4,"23":4,"24":1,"25":3,"26":1,"27":2,"28":1,"29":1,"30":1,"31":1,"32":8},"f":{"0":3,"1":1,"2":3,"3":4},"b":{"0":[1,2],"1":[1,1],"2":[1,2],"3":[1,1],"4":[1,3],"5":[1,2],"6":[1,1]}}
,"/home/joao/Documentos/Projetos/GoStack/MeetApp/api/src/app/controllers/MeetupDetailController.ts": {"path":"/home/joao/Documentos/Projetos/GoStack/MeetApp/api/src/app/controllers/MeetupDetailController.ts","statementMap":{"0":{"start":{"line":2,"column":0},"end":{"line":2,"column":38}},"1":{"start":{"line":3,"column":0},"end":{"line":3,"column":34}},"2":{"start":{"line":7,"column":25},"end":{"line":7,"column":35}},"3":{"start":{"line":8,"column":19},"end":{"line":15,"column":6}},"4":{"start":{"line":16,"column":4},"end":{"line":16,"column":28}},"5":{"start":{"line":20,"column":0},"end":{"line":20,"column":44}}},"fnMap":{"0":{"name":"(anonymous_7)","decl":{"start":{"line":6,"column":8},"end":{"line":6,"column":13}},"loc":{"start":{"line":6,"column":41},"end":{"line":17,"column":null}}}},"branchMap":{},"s":{"0":8,"1":8,"2":1,"3":1,"4":1,"5":8},"f":{"0":1},"b":{}}
,"/home/joao/Documentos/Projetos/GoStack/MeetApp/api/src/app/controllers/OpenMeetupsController.ts": {"path":"/home/joao/Documentos/Projetos/GoStack/MeetApp/api/src/app/controllers/OpenMeetupsController.ts","statementMap":{"0":{"start":{"line":2,"column":0},"end":{"line":2,"column":64}},"1":{"start":{"line":6,"column":27},"end":{"line":6,"column":36}},"2":{"start":{"line":8,"column":24},"end":{"line":8,"column":89}},"3":{"start":{"line":10,"column":4},"end":{"line":10,"column":26}},"4":{"start":{"line":14,"column":0},"end":{"line":14,"column":43}}},"fnMap":{"0":{"name":"(anonymous_7)","decl":{"start":{"line":5,"column":8},"end":{"line":5,"column":13}},"loc":{"start":{"line":5,"column":41},"end":{"line":11,"column":null}}}},"branchMap":{},"s":{"0":8,"1":1,"2":1,"3":1,"4":8},"f":{"0":1},"b":{}}
,"/home/joao/Documentos/Projetos/GoStack/MeetApp/api/src/app/controllers/SessionController.ts": {"path":"/home/joao/Documentos/Projetos/GoStack/MeetApp/api/src/app/controllers/SessionController.ts","statementMap":{"0":{"start":{"line":1,"column":0},"end":{"line":1,"column":31}},"1":{"start":{"line":3,"column":0},"end":{"line":3,"column":34}},"2":{"start":{"line":4,"column":0},"end":{"line":4,"column":43}},"3":{"start":{"line":13,"column":25},"end":{"line":13,"column":33}},"4":{"start":{"line":14,"column":32},"end":{"line":14,"column":36}},"5":{"start":{"line":15,"column":17},"end":{"line":15,"column":57}},"6":{"start":{"line":16,"column":4},"end":{"line":18,"column":null}},"7":{"start":{"line":17,"column":6},"end":{"line":17,"column":63}},"8":{"start":{"line":19,"column":4},"end":{"line":21,"column":null}},"9":{"start":{"line":20,"column":6},"end":{"line":20,"column":72}},"10":{"start":{"line":22,"column":25},"end":{"line":22,"column":29}},"11":{"start":{"line":24,"column":4},"end":{"line":31,"column":7}},"12":{"start":{"line":35,"column":0},"end":{"line":35,"column":38}}},"fnMap":{"0":{"name":"(anonymous_7)","decl":{"start":{"line":12,"column":8},"end":{"line":12,"column":13}},"loc":{"start":{"line":12,"column":39},"end":{"line":32,"column":null}}}},"branchMap":{"0":{"loc":{"start":{"line":16,"column":4},"end":{"line":18,"column":null}},"type":"if","locations":[{"start":{"line":16,"column":4},"end":{"line":18,"column":null}},{"start":{"line":16,"column":4},"end":{"line":18,"column":null}}]},"1":{"loc":{"start":{"line":19,"column":4},"end":{"line":21,"column":null}},"type":"if","locations":[{"start":{"line":19,"column":4},"end":{"line":21,"column":null}},{"start":{"line":19,"column":4},"end":{"line":21,"column":null}}]}},"s":{"0":8,"1":8,"2":8,"3":3,"4":3,"5":3,"6":3,"7":1,"8":2,"9":1,"10":1,"11":1,"12":8},"f":{"0":3},"b":{"0":[1,2],"1":[1,1]}}
,"/home/joao/Documentos/Projetos/GoStack/MeetApp/api/src/app/controllers/SubscriptionController.ts": {"path":"/home/joao/Documentos/Projetos/GoStack/MeetApp/api/src/app/controllers/SubscriptionController.ts","statementMap":{"0":{"start":{"line":2,"column":0},"end":{"line":2,"column":null}},"1":{"start":{"line":5,"column":0},"end":{"line":5,"column":31}},"2":{"start":{"line":6,"column":0},"end":{"line":6,"column":38}},"3":{"start":{"line":7,"column":0},"end":{"line":7,"column":34}},"4":{"start":{"line":8,"column":0},"end":{"line":8,"column":34}},"5":{"start":{"line":9,"column":0},"end":{"line":9,"column":50}},"6":{"start":{"line":11,"column":0},"end":{"line":11,"column":50}},"7":{"start":{"line":13,"column":0},"end":{"line":13,"column":36}},"8":{"start":{"line":17,"column":25},"end":{"line":17,"column":35}},"9":{"start":{"line":18,"column":19},"end":{"line":26,"column":6}},"10":{"start":{"line":27,"column":4},"end":{"line":29,"column":null}},"11":{"start":{"line":28,"column":6},"end":{"line":28,"column":65}},"12":{"start":{"line":31,"column":4},"end":{"line":33,"column":null}},"13":{"start":{"line":32,"column":6},"end":{"line":32,"column":78}},"14":{"start":{"line":35,"column":4},"end":{"line":37,"column":null}},"15":{"start":{"line":36,"column":6},"end":{"line":36,"column":70}},"16":{"start":{"line":39,"column":25},"end":{"line":41,"column":6}},"17":{"start":{"line":43,"column":4},"end":{"line":45,"column":null}},"18":{"start":{"line":44,"column":6},"end":{"line":44,"column":90}},"19":{"start":{"line":47,"column":22},"end":{"line":61,"column":6}},"20":{"start":{"line":63,"column":4},"end":{"line":65,"column":null}},"21":{"start":{"line":64,"column":6},"end":{"line":64,"column":97}},"22":{"start":{"line":68,"column":39},"end":{"line":70,"column":6}},"23":{"start":{"line":72,"column":17},"end":{"line":72,"column":48}},"24":{"start":{"line":75,"column":4},"end":{"line":78,"column":7}},"25":{"start":{"line":80,"column":4},"end":{"line":80,"column":48}},"26":{"start":{"line":84,"column":25},"end":{"line":106,"column":6}},"27":{"start":{"line":107,"column":4},"end":{"line":107,"column":27}},"28":{"start":{"line":111,"column":25},"end":{"line":121,"column":6}},"29":{"start":{"line":124,"column":4},"end":{"line":126,"column":null}},"30":{"start":{"line":125,"column":6},"end":{"line":125,"column":65}},"31":{"start":{"line":128,"column":4},"end":{"line":130,"column":null}},"32":{"start":{"line":129,"column":6},"end":{"line":129,"column":80}},"33":{"start":{"line":132,"column":4},"end":{"line":132,"column":78}},"34":{"start":{"line":134,"column":4},"end":{"line":134,"column":22}},"35":{"start":{"line":138,"column":0},"end":{"line":138,"column":44}}},"fnMap":{"0":{"name":"(anonymous_7)","decl":{"start":{"line":16,"column":8},"end":{"line":16,"column":13}},"loc":{"start":{"line":16,"column":39},"end":{"line":81,"column":null}}},"1":{"name":"(anonymous_9)","decl":{"start":{"line":83,"column":8},"end":{"line":83,"column":13}},"loc":{"start":{"line":83,"column":39},"end":{"line":108,"column":null}}},"2":{"name":"(anonymous_11)","decl":{"start":{"line":110,"column":8},"end":{"line":110,"column":14}},"loc":{"start":{"line":110,"column":40},"end":{"line":135,"column":null}}}},"branchMap":{"0":{"loc":{"start":{"line":27,"column":4},"end":{"line":29,"column":null}},"type":"if","locations":[{"start":{"line":27,"column":4},"end":{"line":29,"column":null}},{"start":{"line":27,"column":4},"end":{"line":29,"column":null}}]},"1":{"loc":{"start":{"line":31,"column":4},"end":{"line":33,"column":null}},"type":"if","locations":[{"start":{"line":31,"column":4},"end":{"line":33,"column":null}},{"start":{"line":31,"column":4},"end":{"line":33,"column":null}}]},"2":{"loc":{"start":{"line":35,"column":4},"end":{"line":37,"column":null}},"type":"if","locations":[{"start":{"line":35,"column":4},"end":{"line":37,"column":null}},{"start":{"line":35,"column":4},"end":{"line":37,"column":null}}]},"3":{"loc":{"start":{"line":43,"column":4},"end":{"line":45,"column":null}},"type":"if","locations":[{"start":{"line":43,"column":4},"end":{"line":45,"column":null}},{"start":{"line":43,"column":4},"end":{"line":45,"column":null}}]},"4":{"loc":{"start":{"line":63,"column":4},"end":{"line":65,"column":null}},"type":"if","locations":[{"start":{"line":63,"column":4},"end":{"line":65,"column":null}},{"start":{"line":63,"column":4},"end":{"line":65,"column":null}}]},"5":{"loc":{"start":{"line":124,"column":4},"end":{"line":126,"column":null}},"type":"if","locations":[{"start":{"line":124,"column":4},"end":{"line":126,"column":null}},{"start":{"line":124,"column":4},"end":{"line":126,"column":null}}]},"6":{"loc":{"start":{"line":128,"column":4},"end":{"line":130,"column":null}},"type":"if","locations":[{"start":{"line":128,"column":4},"end":{"line":130,"column":null}},{"start":{"line":128,"column":4},"end":{"line":130,"column":null}}]}},"s":{"0":8,"1":8,"2":8,"3":8,"4":8,"5":8,"6":8,"7":8,"8":7,"9":7,"10":7,"11":1,"12":6,"13":1,"14":5,"15":1,"16":4,"17":4,"18":1,"19":3,"20":3,"21":1,"22":2,"23":2,"24":2,"25":2,"26":1,"27":1,"28":3,"29":3,"30":1,"31":2,"32":1,"33":1,"34":1,"35":8},"f":{"0":7,"1":1,"2":3},"b":{"0":[1,6],"1":[1,5],"2":[1,4],"3":[1,3],"4":[1,2],"5":[1,2],"6":[1,1]}}
,"/home/joao/Documentos/Projetos/GoStack/MeetApp/api/src/app/controllers/UserController.ts": {"path":"/home/joao/Documentos/Projetos/GoStack/MeetApp/api/src/app/controllers/UserController.ts","statementMap":{"0":{"start":{"line":2,"column":0},"end":{"line":2,"column":34}},"1":{"start":{"line":13,"column":27},"end":{"line":13,"column":35}},"2":{"start":{"line":14,"column":22},"end":{"line":14,"column":74}},"3":{"start":{"line":15,"column":4},"end":{"line":17,"column":null}},"4":{"start":{"line":16,"column":6},"end":{"line":16,"column":69}},"5":{"start":{"line":18,"column":32},"end":{"line":18,"column":55}},"6":{"start":{"line":19,"column":4},"end":{"line":19,"column":53}},"7":{"start":{"line":26,"column":17},"end":{"line":26,"column":25}},"8":{"start":{"line":27,"column":17},"end":{"line":27,"column":48}},"9":{"start":{"line":28,"column":4},"end":{"line":33,"column":null}},"10":{"start":{"line":29,"column":24},"end":{"line":29,"column":64}},"11":{"start":{"line":30,"column":6},"end":{"line":32,"column":null}},"12":{"start":{"line":31,"column":8},"end":{"line":31,"column":72}},"13":{"start":{"line":34,"column":4},"end":{"line":36,"column":null}},"14":{"start":{"line":35,"column":6},"end":{"line":35,"column":72}},"15":{"start":{"line":38,"column":25},"end":{"line":38,"column":52}},"16":{"start":{"line":40,"column":4},"end":{"line":44,"column":7}},"17":{"start":{"line":48,"column":0},"end":{"line":48,"column":36}}},"fnMap":{"0":{"name":"(anonymous_7)","decl":{"start":{"line":12,"column":8},"end":{"line":12,"column":13}},"loc":{"start":{"line":12,"column":39},"end":{"line":20,"column":null}}},"1":{"name":"(anonymous_9)","decl":{"start":{"line":22,"column":8},"end":{"line":22,"column":14}},"loc":{"start":{"line":22,"column":40},"end":{"line":45,"column":null}}}},"branchMap":{"0":{"loc":{"start":{"line":15,"column":4},"end":{"line":17,"column":null}},"type":"if","locations":[{"start":{"line":15,"column":4},"end":{"line":17,"column":null}},{"start":{"line":15,"column":4},"end":{"line":17,"column":null}}]},"1":{"loc":{"start":{"line":28,"column":4},"end":{"line":33,"column":null}},"type":"if","locations":[{"start":{"line":28,"column":4},"end":{"line":33,"column":null}},{"start":{"line":28,"column":4},"end":{"line":33,"column":null}}]},"2":{"loc":{"start":{"line":30,"column":6},"end":{"line":32,"column":null}},"type":"if","locations":[{"start":{"line":30,"column":6},"end":{"line":32,"column":null}},{"start":{"line":30,"column":6},"end":{"line":32,"column":null}}]},"3":{"loc":{"start":{"line":34,"column":4},"end":{"line":36,"column":null}},"type":"if","locations":[{"start":{"line":34,"column":4},"end":{"line":36,"column":null}},{"start":{"line":34,"column":4},"end":{"line":36,"column":null}}]},"4":{"loc":{"start":{"line":34,"column":8},"end":{"line":34,"column":19}},"type":"binary-expr","locations":[{"start":{"line":34,"column":8},"end":{"line":34,"column":19}},{"start":{"line":34,"column":23},"end":{"line":34,"column":63}}]}},"s":{"0":8,"1":2,"2":2,"3":2,"4":1,"5":1,"6":1,"7":4,"8":4,"9":4,"10":2,"11":2,"12":1,"13":3,"14":1,"15":2,"16":2,"17":8},"f":{"0":2,"1":4},"b":{"0":[1,1],"1":[2,2],"2":[1,1],"3":[1,2],"4":[3,2]}}
,"/home/joao/Documentos/Projetos/GoStack/MeetApp/api/src/app/jobs/SubscribeMail.ts": {"path":"/home/joao/Documentos/Projetos/GoStack/MeetApp/api/src/app/jobs/SubscribeMail.ts","statementMap":{"0":{"start":{"line":1,"column":0},"end":{"line":1,"column":34}},"1":{"start":{"line":13,"column":4},"end":{"line":13,"column":27}},"2":{"start":{"line":18,"column":34},"end":{"line":18,"column":38}},"3":{"start":{"line":19,"column":4},"end":{"line":29,"column":7}},"4":{"start":{"line":33,"column":0},"end":{"line":33,"column":35}}},"fnMap":{"0":{"name":"(anonymous_7)","decl":{"start":{"line":12,"column":2},"end":{"line":12,"column":6}},"loc":{"start":{"line":12,"column":9},"end":{"line":14,"column":3}}},"1":{"name":"(anonymous_8)","decl":{"start":{"line":17,"column":8},"end":{"line":17,"column":14}},"loc":{"start":{"line":17,"column":23},"end":{"line":30,"column":null}}}},"branchMap":{},"s":{"0":8,"1":11,"2":2,"3":2,"4":8},"f":{"0":11,"1":2},"b":{}}
,"/home/joao/Documentos/Projetos/GoStack/MeetApp/api/src/app/middlewares/auth.ts": {"path":"/home/joao/Documentos/Projetos/GoStack/MeetApp/api/src/app/middlewares/auth.ts","statementMap":{"0":{"start":{"line":2,"column":0},"end":{"line":2,"column":31}},"1":{"start":{"line":3,"column":0},"end":{"line":3,"column":33}},"2":{"start":{"line":4,"column":0},"end":{"line":4,"column":43}},"3":{"start":{"line":6,"column":0},"end":{"line":23,"column":2}},"4":{"start":{"line":6,"column":73},"end":{"line":23,"column":2}},"5":{"start":{"line":7,"column":21},"end":{"line":7,"column":46}},"6":{"start":{"line":9,"column":2},"end":{"line":11,"column":null}},"7":{"start":{"line":10,"column":4},"end":{"line":10,"column":65}},"8":{"start":{"line":13,"column":20},"end":{"line":13,"column":41}},"9":{"start":{"line":15,"column":2},"end":{"line":22,"column":null}},"10":{"start":{"line":17,"column":24},"end":{"line":17,"column":77}},"11":{"start":{"line":18,"column":4},"end":{"line":18,"column":28}},"12":{"start":{"line":19,"column":4},"end":{"line":19,"column":18}},"13":{"start":{"line":21,"column":4},"end":{"line":21,"column":60}}},"fnMap":{"0":{"name":"(anonymous_7)","decl":{"start":{"line":6,"column":15},"end":{"line":6,"column":22}},"loc":{"start":{"line":6,"column":73},"end":{"line":23,"column":2}}},"1":{"name":"(anonymous_8)","decl":{"start":{"line":6,"column":73},"end":{"line":6,"column":null}},"loc":{"start":{"line":6,"column":73},"end":{"line":23,"column":1}}}},"branchMap":{"0":{"loc":{"start":{"line":9,"column":2},"end":{"line":11,"column":null}},"type":"if","locations":[{"start":{"line":9,"column":2},"end":{"line":11,"column":null}},{"start":{"line":9,"column":2},"end":{"line":11,"column":null}}]}},"s":{"0":8,"1":8,"2":8,"3":8,"4":41,"5":41,"6":41,"7":1,"8":40,"9":40,"10":40,"11":39,"12":39,"13":1},"f":{"0":41,"1":41},"b":{"0":[1,40]}}
,"/home/joao/Documentos/Projetos/GoStack/MeetApp/api/src/app/models/File.ts": {"path":"/home/joao/Documentos/Projetos/GoStack/MeetApp/api/src/app/models/File.ts","statementMap":{"0":{"start":{"line":1,"column":0},"end":{"line":1,"column":45}},"1":{"start":{"line":2,"column":0},"end":{"line":2,"column":39}},"2":{"start":{"line":17,"column":0},"end":{"line":29,"column":3}},"3":{"start":{"line":23,"column":6},"end":{"line":23,"column":57}},"4":{"start":{"line":32,"column":0},"end":{"line":32,"column":20}}},"fnMap":{"0":{"name":"(anonymous_2)","decl":{"start":{"line":22,"column":4},"end":{"line":22,"column":7}},"loc":{"start":{"line":22,"column":7},"end":{"line":24,"column":5}}}},"branchMap":{},"s":{"0":8,"1":8,"2":8,"3":11,"4":8},"f":{"0":11},"b":{}}
,"/home/joao/Documentos/Projetos/GoStack/MeetApp/api/src/app/models/Meetup.ts": {"path":"/home/joao/Documentos/Projetos/GoStack/MeetApp/api/src/app/models/Meetup.ts","statementMap":{"0":{"start":{"line":1,"column":0},"end":{"line":1,"column":45}},"1":{"start":{"line":2,"column":0},"end":{"line":2,"column":36}},"2":{"start":{"line":3,"column":0},"end":{"line":3,"column":39}},"3":{"start":{"line":4,"column":0},"end":{"line":4,"column":26}},"4":{"start":{"line":5,"column":0},"end":{"line":5,"column":26}},"5":{"start":{"line":34,"column":0},"end":{"line":48,"column":3}},"6":{"start":{"line":42,"column":6},"end":{"line":42,"column":45}},"7":{"start":{"line":51,"column":0},"end":{"line":51,"column":64}},"8":{"start":{"line":53,"column":0},"end":{"line":53,"column":60}},"9":{"start":{"line":54,"column":0},"end":{"line":54,"column":62}},"10":{"start":{"line":56,"column":0},"end":{"line":56,"column":22}}},"fnMap":{"0":{"name":"(anonymous_2)","decl":{"start":{"line":41,"column":4},"end":{"line":41,"column":7}},"loc":{"start":{"line":41,"column":7},"end":{"line":43,"column":5}}}},"branchMap":{},"s":{"0":8,"1":8,"2":8,"3":8,"4":8,"5":8,"6":17,"7":8,"8":8,"9":8,"10":8},"f":{"0":17},"b":{}}
,"/home/joao/Documentos/Projetos/GoStack/MeetApp/api/src/app/models/Subscription.ts": {"path":"/home/joao/Documentos/Projetos/GoStack/MeetApp/api/src/app/models/Subscription.ts","statementMap":{"0":{"start":{"line":1,"column":0},"end":{"line":1,"column":34}},"1":{"start":{"line":2,"column":0},"end":{"line":2,"column":39}},"2":{"start":{"line":3,"column":0},"end":{"line":3,"column":30}},"3":{"start":{"line":4,"column":0},"end":{"line":4,"column":26}},"4":{"start":{"line":31,"column":0},"end":{"line":35,"column":3}},"5":{"start":{"line":37,"column":0},"end":{"line":37,"column":73}},"6":{"start":{"line":38,"column":0},"end":{"line":38,"column":75}},"7":{"start":{"line":40,"column":0},"end":{"line":40,"column":67}},"8":{"start":{"line":41,"column":0},"end":{"line":41,"column":69}},"9":{"start":{"line":44,"column":0},"end":{"line":44,"column":28}}},"fnMap":{},"branchMap":{},"s":{"0":8,"1":8,"2":8,"3":8,"4":8,"5":8,"6":8,"7":8,"8":8,"9":8},"f":{},"b":{}}
,"/home/joao/Documentos/Projetos/GoStack/MeetApp/api/src/app/models/User.ts": {"path":"/home/joao/Documentos/Projetos/GoStack/MeetApp/api/src/app/models/User.ts","statementMap":{"0":{"start":{"line":1,"column":0},"end":{"line":1,"column":45}},"1":{"start":{"line":2,"column":0},"end":{"line":2,"column":30}},"2":{"start":{"line":3,"column":0},"end":{"line":3,"column":39}},"3":{"start":{"line":21,"column":4},"end":{"line":21,"column":56}},"4":{"start":{"line":25,"column":0},"end":{"line":33,"column":3}},"5":{"start":{"line":36,"column":0},"end":{"line":40,"column":3}},"6":{"start":{"line":36,"column":48},"end":{"line":40,"column":2}},"7":{"start":{"line":37,"column":2},"end":{"line":39,"column":null}},"8":{"start":{"line":38,"column":4},"end":{"line":38,"column":61}},"9":{"start":{"line":42,"column":0},"end":{"line":46,"column":3}},"10":{"start":{"line":42,"column":48},"end":{"line":46,"column":2}},"11":{"start":{"line":43,"column":2},"end":{"line":45,"column":null}},"12":{"start":{"line":44,"column":4},"end":{"line":44,"column":61}},"13":{"start":{"line":48,"column":0},"end":{"line":48,"column":20}}},"fnMap":{"0":{"name":"(anonymous_8)","decl":{"start":{"line":20,"column":9},"end":{"line":20,"column":22}},"loc":{"start":{"line":20,"column":31},"end":{"line":22,"column":3}}},"1":{"name":"(anonymous_9)","decl":{"start":{"line":36,"column":29},"end":{"line":36,"column":36}},"loc":{"start":{"line":36,"column":48},"end":{"line":40,"column":2}}},"2":{"name":"(anonymous_10)","decl":{"start":{"line":36,"column":48},"end":{"line":36,"column":null}},"loc":{"start":{"line":36,"column":48},"end":{"line":40,"column":1}}},"3":{"name":"(anonymous_11)","decl":{"start":{"line":42,"column":29},"end":{"line":42,"column":36}},"loc":{"start":{"line":42,"column":48},"end":{"line":46,"column":2}}},"4":{"name":"(anonymous_12)","decl":{"start":{"line":42,"column":48},"end":{"line":42,"column":null}},"loc":{"start":{"line":42,"column":48},"end":{"line":46,"column":1}}}},"branchMap":{"0":{"loc":{"start":{"line":37,"column":2},"end":{"line":39,"column":null}},"type":"if","locations":[{"start":{"line":37,"column":2},"end":{"line":39,"column":null}},{"start":{"line":37,"column":2},"end":{"line":39,"column":null}}]},"1":{"loc":{"start":{"line":43,"column":2},"end":{"line":45,"column":null}},"type":"if","locations":[{"start":{"line":43,"column":2},"end":{"line":45,"column":null}},{"start":{"line":43,"column":2},"end":{"line":45,"column":null}}]}},"s":{"0":8,"1":8,"2":8,"3":4,"4":8,"5":8,"6":63,"7":63,"8":63,"9":8,"10":2,"11":2,"12":1,"13":8},"f":{"0":4,"1":63,"2":63,"3":2,"4":2},"b":{"0":[63,0],"1":[1,1]}}
,"/home/joao/Documentos/Projetos/GoStack/MeetApp/api/src/app/services/OpenMeetupsService.ts": {"path":"/home/joao/Documentos/Projetos/GoStack/MeetApp/api/src/app/services/OpenMeetupsService.ts","statementMap":{"0":{"start":{"line":1,"column":0},"end":{"line":1,"column":58}},"1":{"start":{"line":2,"column":0},"end":{"line":2,"column":31}},"2":{"start":{"line":3,"column":0},"end":{"line":3,"column":38}},"3":{"start":{"line":4,"column":0},"end":{"line":4,"column":34}},"4":{"start":{"line":5,"column":0},"end":{"line":5,"column":34}},"5":{"start":{"line":6,"column":0},"end":{"line":6,"column":50}},"6":{"start":{"line":10,"column":20},"end":{"line":34,"column":6}},"7":{"start":{"line":36,"column":26},"end":{"line":40,"column":6}},"8":{"start":{"line":42,"column":24},"end":{"line":47,"column":6}},"9":{"start":{"line":43,"column":6},"end":{"line":45,"column":null}},"10":{"start":{"line":43,"column":47},"end":{"line":43,"column":83}},"11":{"start":{"line":44,"column":8},"end":{"line":44,"column":20}},"12":{"start":{"line":46,"column":6},"end":{"line":46,"column":20}},"13":{"start":{"line":49,"column":4},"end":{"line":49,"column":23}},"14":{"start":{"line":53,"column":0},"end":{"line":53,"column":40}}},"fnMap":{"0":{"name":"(anonymous_7)","decl":{"start":{"line":9,"column":8},"end":{"line":9,"column":11}},"loc":{"start":{"line":9,"column":35},"end":{"line":50,"column":null}}},"1":{"name":"(anonymous_9)","decl":{"start":{"line":42,"column":39},"end":{"line":42,"column":40}},"loc":{"start":{"line":42,"column":50},"end":{"line":47,"column":5}}},"2":{"name":"(anonymous_10)","decl":{"start":{"line":43,"column":29},"end":{"line":43,"column":30}},"loc":{"start":{"line":43,"column":47},"end":{"line":43,"column":83}}}},"branchMap":{"0":{"loc":{"start":{"line":43,"column":6},"end":{"line":45,"column":null}},"type":"if","locations":[{"start":{"line":43,"column":6},"end":{"line":45,"column":null}},{"start":{"line":43,"column":6},"end":{"line":45,"column":null}}]}},"s":{"0":8,"1":8,"2":8,"3":8,"4":8,"5":8,"6":1,"7":1,"8":1,"9":3,"10":3,"11":1,"12":2,"13":1,"14":8},"f":{"0":1,"1":3,"2":3},"b":{"0":[1,2]}}
,"/home/joao/Documentos/Projetos/GoStack/MeetApp/api/src/app/validators/MeetupStore.ts": {"path":"/home/joao/Documentos/Projetos/GoStack/MeetApp/api/src/app/validators/MeetupStore.ts","statementMap":{"0":{"start":{"line":3,"column":0},"end":{"line":3,"column":45}},"1":{"start":{"line":4,"column":0},"end":{"line":4,"column":27}},"2":{"start":{"line":6,"column":0},"end":{"line":31,"column":2}},"3":{"start":{"line":7,"column":17},"end":{"line":24,"column":4}},"4":{"start":{"line":20,"column":34},"end":{"line":20,"column":58}},"5":{"start":{"line":26,"column":2},"end":{"line":30,"column":5}},"6":{"start":{"line":27,"column":4},"end":{"line":27,"column":11}},"7":{"start":{"line":29,"column":4},"end":{"line":29,"column":49}}},"fnMap":{"0":{"name":"(anonymous_1)","decl":{"start":{"line":6,"column":15},"end":{"line":6,"column":16}},"loc":{"start":{"line":6,"column":67},"end":{"line":31,"column":1}}},"1":{"name":"(anonymous_2)","decl":{"start":{"line":20,"column":8},"end":{"line":20,"column":9}},"loc":{"start":{"line":20,"column":34},"end":{"line":20,"column":58}}},"2":{"name":"(anonymous_3)","decl":{"start":{"line":26,"column":33},"end":{"line":26,"column":36}},"loc":{"start":{"line":26,"column":38},"end":{"line":28,"column":3}}},"3":{"name":"(anonymous_4)","decl":{"start":{"line":28,"column":11},"end":{"line":28,"column":12}},"loc":{"start":{"line":28,"column":19},"end":{"line":30,"column":3}}}},"branchMap":{},"s":{"0":8,"1":8,"2":8,"3":8,"4":8,"5":8,"6":3,"7":5},"f":{"0":8,"1":8,"2":3,"3":5},"b":{}}
,"/home/joao/Documentos/Projetos/GoStack/MeetApp/api/src/app/validators/MeetupUpdate.ts": {"path":"/home/joao/Documentos/Projetos/GoStack/MeetApp/api/src/app/validators/MeetupUpdate.ts","statementMap":{"0":{"start":{"line":2,"column":0},"end":{"line":2,"column":45}},"1":{"start":{"line":3,"column":0},"end":{"line":3,"column":27}},"2":{"start":{"line":5,"column":0},"end":{"line":25,"column":2}},"3":{"start":{"line":6,"column":17},"end":{"line":18,"column":4}},"4":{"start":{"line":15,"column":34},"end":{"line":15,"column":58}},"5":{"start":{"line":20,"column":2},"end":{"line":24,"column":5}},"6":{"start":{"line":21,"column":4},"end":{"line":21,"column":11}},"7":{"start":{"line":23,"column":4},"end":{"line":23,"column":49}}},"fnMap":{"0":{"name":"(anonymous_1)","decl":{"start":{"line":5,"column":15},"end":{"line":5,"column":16}},"loc":{"start":{"line":5,"column":67},"end":{"line":25,"column":1}}},"1":{"name":"(anonymous_2)","decl":{"start":{"line":15,"column":8},"end":{"line":15,"column":9}},"loc":{"start":{"line":15,"column":34},"end":{"line":15,"column":58}}},"2":{"name":"(anonymous_3)","decl":{"start":{"line":20,"column":33},"end":{"line":20,"column":36}},"loc":{"start":{"line":20,"column":38},"end":{"line":22,"column":3}}},"3":{"name":"(anonymous_4)","decl":{"start":{"line":22,"column":11},"end":{"line":22,"column":12}},"loc":{"start":{"line":22,"column":19},"end":{"line":24,"column":3}}}},"branchMap":{},"s":{"0":8,"1":8,"2":8,"3":5,"4":5,"5":5,"6":4,"7":1},"f":{"0":5,"1":5,"2":4,"3":1},"b":{}}
,"/home/joao/Documentos/Projetos/GoStack/MeetApp/api/src/app/validators/SessionValidation.ts": {"path":"/home/joao/Documentos/Projetos/GoStack/MeetApp/api/src/app/validators/SessionValidation.ts","statementMap":{"0":{"start":{"line":2,"column":0},"end":{"line":2,"column":27}},"1":{"start":{"line":4,"column":0},"end":{"line":19,"column":2}},"2":{"start":{"line":4,"column":73},"end":{"line":19,"column":2}},"3":{"start":{"line":5,"column":17},"end":{"line":12,"column":4}},"4":{"start":{"line":14,"column":2},"end":{"line":18,"column":5}},"5":{"start":{"line":15,"column":4},"end":{"line":15,"column":11}},"6":{"start":{"line":17,"column":4},"end":{"line":17,"column":49}}},"fnMap":{"0":{"name":"(anonymous_7)","decl":{"start":{"line":4,"column":15},"end":{"line":4,"column":22}},"loc":{"start":{"line":4,"column":73},"end":{"line":19,"column":2}}},"1":{"name":"(anonymous_8)","decl":{"start":{"line":4,"column":73},"end":{"line":4,"column":null}},"loc":{"start":{"line":4,"column":73},"end":{"line":19,"column":1}}},"2":{"name":"(anonymous_9)","decl":{"start":{"line":14,"column":33},"end":{"line":14,"column":36}},"loc":{"start":{"line":14,"column":38},"end":{"line":16,"column":3}}},"3":{"name":"(anonymous_10)","decl":{"start":{"line":16,"column":11},"end":{"line":16,"column":12}},"loc":{"start":{"line":16,"column":19},"end":{"line":18,"column":3}}}},"branchMap":{},"s":{"0":8,"1":8,"2":5,"3":5,"4":5,"5":3,"6":2},"f":{"0":5,"1":5,"2":3,"3":2},"b":{}}
,"/home/joao/Documentos/Projetos/GoStack/MeetApp/api/src/app/validators/UserStore.ts": {"path":"/home/joao/Documentos/Projetos/GoStack/MeetApp/api/src/app/validators/UserStore.ts","statementMap":{"0":{"start":{"line":2,"column":0},"end":{"line":2,"column":27}},"1":{"start":{"line":4,"column":0},"end":{"line":21,"column":2}},"2":{"start":{"line":4,"column":73},"end":{"line":21,"column":2}},"3":{"start":{"line":5,"column":17},"end":{"line":14,"column":4}},"4":{"start":{"line":16,"column":2},"end":{"line":20,"column":5}},"5":{"start":{"line":17,"column":4},"end":{"line":17,"column":11}},"6":{"start":{"line":19,"column":4},"end":{"line":19,"column":49}}},"fnMap":{"0":{"name":"(anonymous_7)","decl":{"start":{"line":4,"column":15},"end":{"line":4,"column":22}},"loc":{"start":{"line":4,"column":73},"end":{"line":21,"column":2}}},"1":{"name":"(anonymous_8)","decl":{"start":{"line":4,"column":73},"end":{"line":4,"column":null}},"loc":{"start":{"line":4,"column":73},"end":{"line":21,"column":1}}},"2":{"name":"(anonymous_9)","decl":{"start":{"line":16,"column":33},"end":{"line":16,"column":36}},"loc":{"start":{"line":16,"column":38},"end":{"line":18,"column":3}}},"3":{"name":"(anonymous_10)","decl":{"start":{"line":18,"column":11},"end":{"line":18,"column":12}},"loc":{"start":{"line":18,"column":19},"end":{"line":20,"column":3}}}},"branchMap":{},"s":{"0":8,"1":8,"2":5,"3":5,"4":5,"5":2,"6":3},"f":{"0":5,"1":5,"2":2,"3":3},"b":{}}
,"/home/joao/Documentos/Projetos/GoStack/MeetApp/api/src/app/validators/UserUpdate.ts": {"path":"/home/joao/Documentos/Projetos/GoStack/MeetApp/api/src/app/validators/UserUpdate.ts","statementMap":{"0":{"start":{"line":2,"column":0},"end":{"line":2,"column":27}},"1":{"start":{"line":5,"column":0},"end":{"line":25,"column":2}},"2":{"start":{"line":5,"column":73},"end":{"line":25,"column":2}},"3":{"start":{"line":6,"column":17},"end":{"line":18,"column":4}},"4":{"start":{"line":13,"column":9},"end":{"line":13,"column":69}},"5":{"start":{"line":16,"column":9},"end":{"line":17,"column":76}},"6":{"start":{"line":20,"column":2},"end":{"line":24,"column":5}},"7":{"start":{"line":21,"column":4},"end":{"line":21,"column":11}},"8":{"start":{"line":23,"column":4},"end":{"line":23,"column":49}}},"fnMap":{"0":{"name":"(anonymous_7)","decl":{"start":{"line":5,"column":15},"end":{"line":5,"column":22}},"loc":{"start":{"line":5,"column":73},"end":{"line":25,"column":2}}},"1":{"name":"(anonymous_8)","decl":{"start":{"line":5,"column":73},"end":{"line":5,"column":null}},"loc":{"start":{"line":5,"column":73},"end":{"line":25,"column":1}}},"2":{"name":"(anonymous_9)","decl":{"start":{"line":12,"column":27},"end":{"line":12,"column":28}},"loc":{"start":{"line":13,"column":9},"end":{"line":13,"column":69}}},"3":{"name":"(anonymous_10)","decl":{"start":{"line":15,"column":24},"end":{"line":15,"column":25}},"loc":{"start":{"line":16,"column":9},"end":{"line":17,"column":76}}},"4":{"name":"(anonymous_11)","decl":{"start":{"line":20,"column":33},"end":{"line":20,"column":36}},"loc":{"start":{"line":20,"column":38},"end":{"line":22,"column":3}}},"5":{"name":"(anonymous_12)","decl":{"start":{"line":22,"column":11},"end":{"line":22,"column":12}},"loc":{"start":{"line":22,"column":19},"end":{"line":24,"column":3}}}},"branchMap":{"0":{"loc":{"start":{"line":13,"column":23},"end":{"line":13,"column":61}},"type":"cond-expr","locations":[{"start":{"line":13,"column":23},"end":{"line":13,"column":61}},{"start":{"line":13,"column":64},"end":{"line":13,"column":69}}]},"1":{"loc":{"start":{"line":16,"column":20},"end":{"line":17,"column":68}},"type":"cond-expr","locations":[{"start":{"line":16,"column":20},"end":{"line":17,"column":68}},{"start":{"line":17,"column":71},"end":{"line":17,"column":76}}]}},"s":{"0":8,"1":8,"2":7,"3":7,"4":14,"5":14,"6":7,"7":4,"8":3},"f":{"0":7,"1":7,"2":14,"3":14,"4":4,"5":3},"b":{"0":[10,4],"1":[8,6]}}
,"/home/joao/Documentos/Projetos/GoStack/MeetApp/api/src/config/auth.ts": {"path":"/home/joao/Documentos/Projetos/GoStack/MeetApp/api/src/config/auth.ts","statementMap":{"0":{"start":{"line":1,"column":0},"end":{"line":4,"column":2}}},"fnMap":{},"branchMap":{},"s":{"0":8},"f":{},"b":{}}
,"/home/joao/Documentos/Projetos/GoStack/MeetApp/api/src/config/database.js": {"path":"/home/joao/Documentos/Projetos/GoStack/MeetApp/api/src/config/database.js","statementMap":{"0":{"start":{"line":1,"column":0},"end":{"line":3,"column":3}},"1":{"start":{"line":5,"column":0},"end":{"line":19,"column":2}}},"fnMap":{},"branchMap":{"0":{"loc":{"start":{"line":2,"column":8},"end":{"line":2,"column":62}},"type":"cond-expr","locations":[{"start":{"line":2,"column":42},"end":{"line":2,"column":53}},{"start":{"line":2,"column":56},"end":{"line":2,"column":62}}],"line":2}},"s":{"0":8,"1":8},"f":{},"b":{"0":[8,0]},"_coverageSchema":"43e27e138ebf9cfc5966b082cf9a028302ed4184","hash":"6c1e2e912c4a0b10cecf7463206c2ab048503437"}
,"/home/joao/Documentos/Projetos/GoStack/MeetApp/api/src/config/mail.ts": {"path":"/home/joao/Documentos/Projetos/GoStack/MeetApp/api/src/config/mail.ts","statementMap":{"0":{"start":{"line":1,"column":0},"end":{"line":12,"column":2}}},"fnMap":{},"branchMap":{},"s":{"0":8},"f":{},"b":{}}
,"/home/joao/Documentos/Projetos/GoStack/MeetApp/api/src/config/multer.ts": {"path":"/home/joao/Documentos/Projetos/GoStack/MeetApp/api/src/config/multer.ts","statementMap":{"0":{"start":{"line":1,"column":0},"end":{"line":1,"column":28}},"1":{"start":{"line":2,"column":0},"end":{"line":2,"column":29}},"2":{"start":{"line":3,"column":0},"end":{"line":3,"column":40}},"3":{"start":{"line":5,"column":0},"end":{"line":10,"column":2}},"4":{"start":{"line":8,"column":33},"end":{"line":8,"column":80}}},"fnMap":{"0":{"name":"(anonymous_1)","decl":{"start":{"line":8,"column":14},"end":{"line":8,"column":15}},"loc":{"start":{"line":8,"column":33},"end":{"line":8,"column":80}}}},"branchMap":{},"s":{"0":8,"1":8,"2":8,"3":8,"4":1},"f":{"0":1},"b":{}}
,"/home/joao/Documentos/Projetos/GoStack/MeetApp/api/src/config/redis.ts": {"path":"/home/joao/Documentos/Projetos/GoStack/MeetApp/api/src/config/redis.ts","statementMap":{"0":{"start":{"line":1,"column":0},"end":{"line":4,"column":2}}},"fnMap":{},"branchMap":{},"s":{"0":8},"f":{},"b":{}}
,"/home/joao/Documentos/Projetos/GoStack/MeetApp/api/src/config/sentry.ts": {"path":"/home/joao/Documentos/Projetos/GoStack/MeetApp/api/src/config/sentry.ts","statementMap":{"0":{"start":{"line":1,"column":0},"end":{"line":3,"column":2}}},"fnMap":{},"branchMap":{},"s":{"0":8},"f":{},"b":{}}
,"/home/joao/Documentos/Projetos/GoStack/MeetApp/api/src/database/index.ts": {"path":"/home/joao/Documentos/Projetos/GoStack/MeetApp/api/src/database/index.ts","statementMap":{"0":{"start":{"line":1,"column":0},"end":{"line":1,"column":39}},"1":{"start":{"line":2,"column":0},"end":{"line":2,"column":48}},"2":{"start":{"line":8,"column":4},"end":{"line":8,"column":16}},"3":{"start":{"line":12,"column":4},"end":{"line":12,"column":61}},"4":{"start":{"line":16,"column":0},"end":{"line":16,"column":40}}},"fnMap":{"0":{"name":"(anonymous_2)","decl":{"start":{"line":7,"column":2},"end":{"line":7,"column":null}},"loc":{"start":{"line":7,"column":2},"end":{"line":9,"column":3}}},"1":{"name":"(anonymous_3)","decl":{"start":{"line":11,"column":2},"end":{"line":11,"column":6}},"loc":{"start":{"line":11,"column":6},"end":{"line":13,"column":3}}}},"branchMap":{},"s":{"0":8,"1":8,"2":8,"3":8,"4":8},"f":{"0":8,"1":8},"b":{}}
,"/home/joao/Documentos/Projetos/GoStack/MeetApp/api/src/lib/Mail.ts": {"path":"/home/joao/Documentos/Projetos/GoStack/MeetApp/api/src/lib/Mail.ts","statementMap":{"0":{"start":{"line":1,"column":0},"end":{"line":1,"column":36}},"1":{"start":{"line":2,"column":0},"end":{"line":2,"column":31}},"2":{"start":{"line":3,"column":0},"end":{"line":3,"column":40}},"3":{"start":{"line":4,"column":0},"end":{"line":4,"column":58}},"4":{"start":{"line":5,"column":0},"end":{"line":5,"column":40}},"5":{"start":{"line":13,"column":8},"end":{"line":13,"column":18}},"6":{"start":{"line":14,"column":4},"end":{"line":19,"column":7}},"7":{"start":{"line":21,"column":4},"end":{"line":21,"column":30}},"8":{"start":{"line":25,"column":21},"end":{"line":25,"column":71}},"9":{"start":{"line":26,"column":4},"end":{"line":35,"column":8}},"10":{"start":{"line":39,"column":4},"end":{"line":42,"column":7}},"11":{"start":{"line":46,"column":0},"end":{"line":46,"column":26}}},"fnMap":{"0":{"name":"(anonymous_1)","decl":{"start":{"line":10,"column":2},"end":{"line":10,"column":null}},"loc":{"start":{"line":10,"column":2},"end":{"line":22,"column":3}}},"1":{"name":"(anonymous_2)","decl":{"start":{"line":24,"column":2},"end":{"line":24,"column":20}},"loc":{"start":{"line":24,"column":20},"end":{"line":36,"column":3}}},"2":{"name":"(anonymous_3)","decl":{"start":{"line":38,"column":2},"end":{"line":38,"column":10}},"loc":{"start":{"line":38,"column":18},"end":{"line":43,"column":3}}}},"branchMap":{"0":{"loc":{"start":{"line":18,"column":24},"end":{"line":18,"column":28}},"type":"cond-expr","locations":[{"start":{"line":18,"column":24},"end":{"line":18,"column":28}},{"start":{"line":18,"column":31},"end":{"line":18,"column":35}}]}},"s":{"0":8,"1":8,"2":8,"3":8,"4":8,"5":8,"6":8,"7":8,"8":8,"9":8,"10":2,"11":8},"f":{"0":8,"1":8,"2":2},"b":{"0":[0,8]}}
,"/home/joao/Documentos/Projetos/GoStack/MeetApp/api/src/lib/Queue.ts": {"path":"/home/joao/Documentos/Projetos/GoStack/MeetApp/api/src/lib/Queue.ts","statementMap":{"0":{"start":{"line":1,"column":0},"end":{"line":1,"column":28}},"1":{"start":{"line":2,"column":0},"end":{"line":2,"column":54}},"2":{"start":{"line":3,"column":0},"end":{"line":3,"column":42}},"3":{"start":{"line":5,"column":13},"end":{"line":5,"column":28}},"4":{"start":{"line":8,"column":2},"end":{"line":8,"column":null}},"5":{"start":{"line":11,"column":4},"end":{"line":11,"column":21}},"6":{"start":{"line":13,"column":4},"end":{"line":13,"column":16}},"7":{"start":{"line":21,"column":4},"end":{"line":29,"column":7}},"8":{"start":{"line":22,"column":30},"end":{"line":22,"column":33}},"9":{"start":{"line":23,"column":6},"end":{"line":28,"column":8}},"10":{"start":{"line":35,"column":4},"end":{"line":35,"column":54}},"11":{"start":{"line":42,"column":4},"end":{"line":46,"column":7}},"12":{"start":{"line":43,"column":30},"end":{"line":43,"column":50}},"13":{"start":{"line":45,"column":6},"end":{"line":45,"column":26}},"14":{"start":{"line":50,"column":0},"end":{"line":50,"column":27}}},"fnMap":{"0":{"name":"(anonymous_1)","decl":{"start":{"line":10,"column":2},"end":{"line":10,"column":null}},"loc":{"start":{"line":10,"column":2},"end":{"line":14,"column":3}}},"1":{"name":"(anonymous_2)","decl":{"start":{"line":16,"column":2},"end":{"line":16,"column":6}},"loc":{"start":{"line":16,"column":6},"end":{"line":30,"column":3}}},"2":{"name":"(anonymous_3)","decl":{"start":{"line":21,"column":17},"end":{"line":21,"column":18}},"loc":{"start":{"line":21,"column":25},"end":{"line":29,"column":5}}},"3":{"name":"(anonymous_4)","decl":{"start":{"line":34,"column":2},"end":{"line":34,"column":5}},"loc":{"start":{"line":34,"column":21},"end":{"line":36,"column":3}}},"4":{"name":"(anonymous_5)","decl":{"start":{"line":38,"column":2},"end":{"line":38,"column":14}},"loc":{"start":{"line":38,"column":14},"end":{"line":47,"column":3}}},"5":{"name":"(anonymous_6)","decl":{"start":{"line":42,"column":17},"end":{"line":42,"column":18}},"loc":{"start":{"line":42,"column":25},"end":{"line":46,"column":5}}}},"branchMap":{},"s":{"0":8,"1":8,"2":8,"3":8,"4":8,"5":8,"6":8,"7":8,"8":8,"9":8,"10":2,"11":1,"12":1,"13":1,"14":8},"f":{"0":8,"1":8,"2":8,"3":2,"4":1,"5":1},"b":{}}
}
