TN:
SF:/home/joao/Documentos/Projetos/GoStack/MeetApp/api/src/app/controllers/FileController.ts
FN:5,(anonymous_7)
FNF:1
FNH:1
FNDA:2,(anonymous_7)
DA:2,8
DA:6,2
DA:7,1
DA:9,1
DA:12,1
DA:17,1
DA:23,8
LF:7
LH:7
BRDA:6,0,0,1
BRDA:6,0,1,1
BRF:2
BRH:2
end_of_record
TN:
SF:/home/joao/Documentos/Projetos/GoStack/MeetApp/api/src/app/controllers/MeetupController.ts
FN:21,(anonymous_7)
FN:45,(anonymous_9)
FN:54,(anonymous_11)
FN:69,(anonymous_13)
FNF:4
FNH:4
FNDA:3,(anonymous_7)
FNDA:1,(anonymous_9)
FNDA:3,(anonymous_11)
FNDA:4,(anonymous_13)
DA:2,8
DA:3,8
DA:4,8
DA:22,3
DA:23,3
DA:31,3
DA:32,1
DA:34,2
DA:35,1
DA:39,1
DA:40,1
DA:46,1
DA:51,1
DA:55,3
DA:56,3
DA:58,3
DA:59,1
DA:61,2
DA:62,1
DA:65,1
DA:66,1
DA:70,4
DA:72,4
DA:74,4
DA:75,1
DA:78,3
DA:79,1
DA:83,2
DA:84,1
DA:87,1
DA:91,1
DA:94,1
DA:98,8
LF:33
LH:33
BRDA:31,0,0,1
BRDA:31,0,1,2
BRDA:34,1,0,1
BRDA:34,1,1,1
BRDA:58,2,0,1
BRDA:58,2,1,2
BRDA:61,3,0,1
BRDA:61,3,1,1
BRDA:74,4,0,1
BRDA:74,4,1,3
BRDA:78,5,0,1
BRDA:78,5,1,2
BRDA:83,6,0,1
BRDA:83,6,1,1
BRF:14
BRH:14
end_of_record
TN:
SF:/home/joao/Documentos/Projetos/GoStack/MeetApp/api/src/app/controllers/MeetupDetailController.ts
FN:6,(anonymous_7)
FNF:1
FNH:1
FNDA:1,(anonymous_7)
DA:2,8
DA:3,8
DA:7,1
DA:8,1
DA:16,1
DA:20,8
LF:6
LH:6
BRF:0
BRH:0
end_of_record
TN:
SF:/home/joao/Documentos/Projetos/GoStack/MeetApp/api/src/app/controllers/OpenMeetupsController.ts
FN:5,(anonymous_7)
FNF:1
FNH:1
FNDA:1,(anonymous_7)
DA:2,8
DA:6,1
DA:8,1
DA:10,1
DA:14,8
LF:5
LH:5
BRF:0
BRH:0
end_of_record
TN:
SF:/home/joao/Documentos/Projetos/GoStack/MeetApp/api/src/app/controllers/SessionController.ts
FN:12,(anonymous_7)
FNF:1
FNH:1
FNDA:3,(anonymous_7)
DA:1,8
DA:3,8
DA:4,8
DA:13,3
DA:14,3
DA:15,3
DA:16,3
DA:17,1
DA:19,2
DA:20,1
DA:22,1
DA:24,1
DA:35,8
LF:13
LH:13
BRDA:16,0,0,1
BRDA:16,0,1,2
BRDA:19,1,0,1
BRDA:19,1,1,1
BRF:4
BRH:4
end_of_record
TN:
SF:/home/joao/Documentos/Projetos/GoStack/MeetApp/api/src/app/controllers/SubscriptionController.ts
FN:16,(anonymous_7)
FN:83,(anonymous_9)
FN:110,(anonymous_11)
FNF:3
FNH:3
FNDA:7,(anonymous_7)
FNDA:1,(anonymous_9)
FNDA:3,(anonymous_11)
DA:2,8
DA:5,8
DA:6,8
DA:7,8
DA:8,8
DA:9,8
DA:11,8
DA:13,8
DA:17,7
DA:18,7
DA:27,7
DA:28,1
DA:31,6
DA:32,1
DA:35,5
DA:36,1
DA:39,4
DA:43,4
DA:44,1
DA:47,3
DA:63,3
DA:64,1
DA:68,2
DA:72,2
DA:75,2
DA:80,2
DA:84,1
DA:107,1
DA:111,3
DA:124,3
DA:125,1
DA:128,2
DA:129,1
DA:132,1
DA:134,1
DA:138,8
LF:36
LH:36
BRDA:27,0,0,1
BRDA:27,0,1,6
BRDA:31,1,0,1
BRDA:31,1,1,5
BRDA:35,2,0,1
BRDA:35,2,1,4
BRDA:43,3,0,1
BRDA:43,3,1,3
BRDA:63,4,0,1
BRDA:63,4,1,2
BRDA:124,5,0,1
BRDA:124,5,1,2
BRDA:128,6,0,1
BRDA:128,6,1,1
BRF:14
BRH:14
end_of_record
TN:
SF:/home/joao/Documentos/Projetos/GoStack/MeetApp/api/src/app/controllers/UserController.ts
FN:12,(anonymous_7)
FN:22,(anonymous_9)
FNF:2
FNH:2
FNDA:2,(anonymous_7)
FNDA:4,(anonymous_9)
DA:2,8
DA:13,2
DA:14,2
DA:15,2
DA:16,1
DA:18,1
DA:19,1
DA:26,4
DA:27,4
DA:28,4
DA:29,2
DA:30,2
DA:31,1
DA:34,3
DA:35,1
DA:38,2
DA:40,2
DA:48,8
LF:18
LH:18
BRDA:15,0,0,1
BRDA:15,0,1,1
BRDA:28,1,0,2
BRDA:28,1,1,2
BRDA:30,2,0,1
BRDA:30,2,1,1
BRDA:34,3,0,1
BRDA:34,3,1,2
BRDA:34,4,0,3
BRDA:34,4,1,2
BRF:10
BRH:10
end_of_record
TN:
SF:/home/joao/Documentos/Projetos/GoStack/MeetApp/api/src/app/jobs/SubscribeMail.ts
FN:12,(anonymous_7)
FN:17,(anonymous_8)
FNF:2
FNH:2
FNDA:11,(anonymous_7)
FNDA:2,(anonymous_8)
DA:1,8
DA:13,11
DA:18,2
DA:19,2
DA:33,8
LF:5
LH:5
BRF:0
BRH:0
end_of_record
TN:
SF:/home/joao/Documentos/Projetos/GoStack/MeetApp/api/src/app/middlewares/auth.ts
FN:6,(anonymous_7)
FN:6,(anonymous_8)
FNF:2
FNH:2
FNDA:41,(anonymous_7)
FNDA:41,(anonymous_8)
DA:2,8
DA:3,8
DA:4,8
DA:6,41
DA:7,41
DA:9,41
DA:10,1
DA:13,40
DA:15,40
DA:17,40
DA:18,39
DA:19,39
DA:21,1
LF:13
LH:13
BRDA:9,0,0,1
BRDA:9,0,1,40
BRF:2
BRH:2
end_of_record
TN:
SF:/home/joao/Documentos/Projetos/GoStack/MeetApp/api/src/app/models/File.ts
FN:22,(anonymous_2)
FNF:1
FNH:1
FNDA:11,(anonymous_2)
DA:1,8
DA:2,8
DA:17,8
DA:23,11
DA:32,8
LF:5
LH:5
BRF:0
BRH:0
end_of_record
TN:
SF:/home/joao/Documentos/Projetos/GoStack/MeetApp/api/src/app/models/Meetup.ts
FN:41,(anonymous_2)
FNF:1
FNH:1
FNDA:17,(anonymous_2)
DA:1,8
DA:2,8
DA:3,8
DA:4,8
DA:5,8
DA:34,8
DA:42,17
DA:51,8
DA:53,8
DA:54,8
DA:56,8
LF:11
LH:11
BRF:0
BRH:0
end_of_record
TN:
SF:/home/joao/Documentos/Projetos/GoStack/MeetApp/api/src/app/models/Subscription.ts
FNF:0
FNH:0
DA:1,8
DA:2,8
DA:3,8
DA:4,8
DA:31,8
DA:37,8
DA:38,8
DA:40,8
DA:41,8
DA:44,8
LF:10
LH:10
BRF:0
BRH:0
end_of_record
TN:
SF:/home/joao/Documentos/Projetos/GoStack/MeetApp/api/src/app/models/User.ts
FN:20,(anonymous_8)
FN:36,(anonymous_9)
FN:36,(anonymous_10)
FN:42,(anonymous_11)
FN:42,(anonymous_12)
FNF:5
FNH:5
FNDA:4,(anonymous_8)
FNDA:63,(anonymous_9)
FNDA:63,(anonymous_10)
FNDA:2,(anonymous_11)
FNDA:2,(anonymous_12)
DA:1,8
DA:2,8
DA:3,8
DA:21,4
DA:25,8
DA:36,63
DA:37,63
DA:38,63
DA:42,8
DA:43,2
DA:44,1
DA:48,8
LF:12
LH:12
BRDA:37,0,0,63
BRDA:37,0,1,0
BRDA:43,1,0,1
BRDA:43,1,1,1
BRF:4
BRH:3
end_of_record
TN:
SF:/home/joao/Documentos/Projetos/GoStack/MeetApp/api/src/app/services/OpenMeetupsService.ts
FN:9,(anonymous_7)
FN:42,(anonymous_9)
FN:43,(anonymous_10)
FNF:3
FNH:3
FNDA:1,(anonymous_7)
FNDA:3,(anonymous_9)
FNDA:3,(anonymous_10)
DA:1,8
DA:2,8
DA:3,8
DA:4,8
DA:5,8
DA:6,8
DA:10,1
DA:36,1
DA:42,1
DA:43,3
DA:44,1
DA:46,2
DA:49,1
DA:53,8
LF:14
LH:14
BRDA:43,0,0,1
BRDA:43,0,1,2
BRF:2
BRH:2
end_of_record
TN:
SF:/home/joao/Documentos/Projetos/GoStack/MeetApp/api/src/app/validators/MeetupStore.ts
FN:6,(anonymous_1)
FN:20,(anonymous_2)
FN:26,(anonymous_3)
FN:28,(anonymous_4)
FNF:4
FNH:4
FNDA:8,(anonymous_1)
FNDA:8,(anonymous_2)
FNDA:3,(anonymous_3)
FNDA:5,(anonymous_4)
DA:3,8
DA:4,8
DA:6,8
DA:7,8
DA:20,8
DA:26,8
DA:27,3
DA:29,5
LF:8
LH:8
BRF:0
BRH:0
end_of_record
TN:
SF:/home/joao/Documentos/Projetos/GoStack/MeetApp/api/src/app/validators/MeetupUpdate.ts
FN:5,(anonymous_1)
FN:15,(anonymous_2)
FN:20,(anonymous_3)
FN:22,(anonymous_4)
FNF:4
FNH:4
FNDA:5,(anonymous_1)
FNDA:5,(anonymous_2)
FNDA:4,(anonymous_3)
FNDA:1,(anonymous_4)
DA:2,8
DA:3,8
DA:5,8
DA:6,5
DA:15,5
DA:20,5
DA:21,4
DA:23,1
LF:8
LH:8
BRF:0
BRH:0
end_of_record
TN:
SF:/home/joao/Documentos/Projetos/GoStack/MeetApp/api/src/app/validators/SessionValidation.ts
FN:4,(anonymous_7)
FN:4,(anonymous_8)
FN:14,(anonymous_9)
FN:16,(anonymous_10)
FNF:4
FNH:4
FNDA:5,(anonymous_7)
FNDA:5,(anonymous_8)
FNDA:3,(anonymous_9)
FNDA:2,(anonymous_10)
DA:2,8
DA:4,8
DA:5,5
DA:14,5
DA:15,3
DA:17,2
LF:6
LH:6
BRF:0
BRH:0
end_of_record
TN:
SF:/home/joao/Documentos/Projetos/GoStack/MeetApp/api/src/app/validators/UserStore.ts
FN:4,(anonymous_7)
FN:4,(anonymous_8)
FN:16,(anonymous_9)
FN:18,(anonymous_10)
FNF:4
FNH:4
FNDA:5,(anonymous_7)
FNDA:5,(anonymous_8)
FNDA:2,(anonymous_9)
FNDA:3,(anonymous_10)
DA:2,8
DA:4,8
DA:5,5
DA:16,5
DA:17,2
DA:19,3
LF:6
LH:6
BRF:0
BRH:0
end_of_record
TN:
SF:/home/joao/Documentos/Projetos/GoStack/MeetApp/api/src/app/validators/UserUpdate.ts
FN:5,(anonymous_7)
FN:5,(anonymous_8)
FN:12,(anonymous_9)
FN:15,(anonymous_10)
FN:20,(anonymous_11)
FN:22,(anonymous_12)
FNF:6
FNH:6
FNDA:7,(anonymous_7)
FNDA:7,(anonymous_8)
FNDA:14,(anonymous_9)
FNDA:14,(anonymous_10)
FNDA:4,(anonymous_11)
FNDA:3,(anonymous_12)
DA:2,8
DA:5,8
DA:6,7
DA:13,14
DA:16,14
DA:20,7
DA:21,4
DA:23,3
LF:8
LH:8
BRDA:13,0,0,10
BRDA:13,0,1,4
BRDA:16,1,0,8
BRDA:16,1,1,6
BRF:4
BRH:4
end_of_record
TN:
SF:/home/joao/Documentos/Projetos/GoStack/MeetApp/api/src/config/auth.ts
FNF:0
FNH:0
DA:1,8
LF:1
LH:1
BRF:0
BRH:0
end_of_record
TN:
SF:/home/joao/Documentos/Projetos/GoStack/MeetApp/api/src/config/database.js
FNF:0
FNH:0
DA:1,8
DA:5,8
LF:2
LH:2
BRDA:2,0,0,8
BRDA:2,0,1,0
BRF:2
BRH:1
end_of_record
TN:
SF:/home/joao/Documentos/Projetos/GoStack/MeetApp/api/src/config/mail.ts
FNF:0
FNH:0
DA:1,8
LF:1
LH:1
BRF:0
BRH:0
end_of_record
TN:
SF:/home/joao/Documentos/Projetos/GoStack/MeetApp/api/src/config/multer.ts
FN:8,(anonymous_1)
FNF:1
FNH:1
FNDA:1,(anonymous_1)
DA:1,8
DA:2,8
DA:3,8
DA:5,8
DA:8,1
LF:5
LH:5
BRF:0
BRH:0
end_of_record
TN:
SF:/home/joao/Documentos/Projetos/GoStack/MeetApp/api/src/config/redis.ts
FNF:0
FNH:0
DA:1,8
LF:1
LH:1
BRF:0
BRH:0
end_of_record
TN:
SF:/home/joao/Documentos/Projetos/GoStack/MeetApp/api/src/config/sentry.ts
FNF:0
FNH:0
DA:1,8
LF:1
LH:1
BRF:0
BRH:0
end_of_record
TN:
SF:/home/joao/Documentos/Projetos/GoStack/MeetApp/api/src/database/index.ts
FN:7,(anonymous_2)
FN:11,(anonymous_3)
FNF:2
FNH:2
FNDA:8,(anonymous_2)
FNDA:8,(anonymous_3)
DA:1,8
DA:2,8
DA:8,8
DA:12,8
DA:16,8
LF:5
LH:5
BRF:0
BRH:0
end_of_record
TN:
SF:/home/joao/Documentos/Projetos/GoStack/MeetApp/api/src/lib/Mail.ts
FN:10,(anonymous_1)
FN:24,(anonymous_2)
FN:38,(anonymous_3)
FNF:3
FNH:3
FNDA:8,(anonymous_1)
FNDA:8,(anonymous_2)
FNDA:2,(anonymous_3)
DA:1,8
DA:2,8
DA:3,8
DA:4,8
DA:5,8
DA:13,8
DA:14,8
DA:21,8
DA:25,8
DA:26,8
DA:39,2
DA:46,8
LF:12
LH:12
BRDA:18,0,0,0
BRDA:18,0,1,8
BRF:2
BRH:1
end_of_record
TN:
SF:/home/joao/Documentos/Projetos/GoStack/MeetApp/api/src/lib/Queue.ts
FN:10,(anonymous_1)
FN:16,(anonymous_2)
FN:21,(anonymous_3)
FN:34,(anonymous_4)
FN:38,(anonymous_5)
FN:42,(anonymous_6)
FNF:6
FNH:6
FNDA:8,(anonymous_1)
FNDA:8,(anonymous_2)
FNDA:8,(anonymous_3)
FNDA:2,(anonymous_4)
FNDA:1,(anonymous_5)
FNDA:1,(anonymous_6)
DA:1,8
DA:2,8
DA:3,8
DA:5,8
DA:8,8
DA:11,8
DA:13,8
DA:21,8
DA:22,8
DA:23,8
DA:35,2
DA:42,1
DA:43,1
DA:45,1
DA:50,8
LF:15
LH:15
BRF:0
BRH:0
end_of_record
